0 info it worked if it ends with ok
1 verbose cli [ 'node', '/usr/local/bin/npm', 'install', 'nlpcompromise' ]
2 info using npm@1.4.28
3 info using node@v0.10.35
4 warn package.json tinder-art@1.0.0 No description
5 warn package.json tinder-art@1.0.0 No repository field.
6 warn package.json tinder-art@1.0.0 No README data
7 verbose readDependencies using package.json deps
8 verbose cache add [ 'nlpcompromise', null ]
9 verbose cache add name=undefined spec="nlpcompromise" args=["nlpcompromise",null]
10 verbose parsed url { protocol: null,
10 verbose parsed url   slashes: null,
10 verbose parsed url   auth: null,
10 verbose parsed url   host: null,
10 verbose parsed url   port: null,
10 verbose parsed url   hostname: null,
10 verbose parsed url   hash: null,
10 verbose parsed url   search: null,
10 verbose parsed url   query: null,
10 verbose parsed url   pathname: 'nlpcompromise',
10 verbose parsed url   path: 'nlpcompromise',
10 verbose parsed url   href: 'nlpcompromise' }
11 silly lockFile f47422f9-nlpcompromise nlpcompromise
12 verbose lock nlpcompromise /Users/tomchambers/.npm/f47422f9-nlpcompromise.lock
13 silly lockFile f47422f9-nlpcompromise nlpcompromise
14 silly lockFile f47422f9-nlpcompromise nlpcompromise
15 verbose addNamed [ 'nlpcompromise', '' ]
16 verbose addNamed [ null, '*' ]
17 silly lockFile 8226bb3d-nlpcompromise nlpcompromise@
18 verbose lock nlpcompromise@ /Users/tomchambers/.npm/8226bb3d-nlpcompromise.lock
19 silly addNameRange { name: 'nlpcompromise', range: '*', hasData: false }
20 verbose request where is /nlpcompromise
21 verbose request registry https://registry.npmjs.org/
22 verbose request id 16030ae32e49885d
23 verbose url raw /nlpcompromise
24 verbose url resolving [ 'https://registry.npmjs.org/', './nlpcompromise' ]
25 verbose url resolved https://registry.npmjs.org/nlpcompromise
26 verbose request where is https://registry.npmjs.org/nlpcompromise
27 info trying registry request attempt 1 at 15:11:21
28 http GET https://registry.npmjs.org/nlpcompromise
29 http 404 https://registry.npmjs.org/nlpcompromise
30 verbose headers { date: 'Sat, 11 Apr 2015 14:11:22 GMT',
30 verbose headers   server: 'CouchDB/1.5.0 (Erlang OTP/R16B03)',
30 verbose headers   'content-type': 'application/json',
30 verbose headers   'cache-control': 'max-age=0',
30 verbose headers   'content-length': '51',
30 verbose headers   'accept-ranges': 'bytes',
30 verbose headers   via: '1.1 varnish',
30 verbose headers   age: '0',
30 verbose headers   'x-served-by': 'cache-lhr6323-LHR',
30 verbose headers   'x-cache': 'MISS',
30 verbose headers   'x-cache-hits': '0',
30 verbose headers   'x-timer': 'S1428761482.195438,VS0,VE156',
30 verbose headers   'keep-alive': 'timeout=10, max=50',
30 verbose headers   connection: 'Keep-Alive' }
31 silly registry.get cb [ 404,
31 silly registry.get   { date: 'Sat, 11 Apr 2015 14:11:22 GMT',
31 silly registry.get     server: 'CouchDB/1.5.0 (Erlang OTP/R16B03)',
31 silly registry.get     'content-type': 'application/json',
31 silly registry.get     'cache-control': 'max-age=0',
31 silly registry.get     'content-length': '51',
31 silly registry.get     'accept-ranges': 'bytes',
31 silly registry.get     via: '1.1 varnish',
31 silly registry.get     age: '0',
31 silly registry.get     'x-served-by': 'cache-lhr6323-LHR',
31 silly registry.get     'x-cache': 'MISS',
31 silly registry.get     'x-cache-hits': '0',
31 silly registry.get     'x-timer': 'S1428761482.195438,VS0,VE156',
31 silly registry.get     'keep-alive': 'timeout=10, max=50',
31 silly registry.get     connection: 'Keep-Alive' } ]
32 silly lockFile 8226bb3d-nlpcompromise nlpcompromise@
33 silly lockFile 8226bb3d-nlpcompromise nlpcompromise@
34 error 404 404 Not Found: nlpcompromise
34 error 404
34 error 404 'nlpcompromise' is not in the npm registry.
34 error 404 You should bug the author to publish it
34 error 404 It was specified as a dependency of 'tinder-art'
34 error 404
34 error 404 Note that you can also install from a
34 error 404 tarball, folder, or http url, or git url.
35 error System Darwin 14.3.0
36 error command "node" "/usr/local/bin/npm" "install" "nlpcompromise"
37 error cwd /Users/tomchambers/projects/tinder-art
38 error node -v v0.10.35
39 error npm -v 1.4.28
40 error code E404
41 verbose exit [ 1, true ]
